  math.cpp
E:\COURS C++\Shooter\SpaceShooterSFML\TST-Git\SpaceShooterSFML\math.cpp(55,37): error C3861: 'DegreeToRadian' : identificateur introuvable
E:\COURS C++\Shooter\SpaceShooterSFML\TST-Git\SpaceShooterSFML\math.cpp(55,12): error C3861: 'ConvertRadianToDirection' : identificateur introuvable
E:\COURS C++\Shooter\SpaceShooterSFML\TST-Git\SpaceShooterSFML\math.cpp(97,25): error C3861: 'GetProjectionOnLine' : identificateur introuvable
  Score.cpp
  SpaceShooterSFML.cpp
E:\COURS C++\Shooter\SpaceShooterSFML\TST-Git\SpaceShooterSFML\SpaceShooterSFML.cpp(5,10): warning C4067: jetons inattendus après la directive du préprocesseur - saut de ligne attendu
E:\COURS C++\Shooter\SpaceShooterSFML\TST-Git\SpaceShooterSFML\SpaceShooterSFML.cpp(6,10): warning C4067: jetons inattendus après la directive du préprocesseur - saut de ligne attendu
E:\COURS C++\Shooter\SpaceShooterSFML\TST-Git\SpaceShooterSFML\SpaceShooterSFML.cpp(7,10): warning C4067: jetons inattendus après la directive du préprocesseur - saut de ligne attendu
E:\COURS C++\Shooter\SpaceShooterSFML\TST-Git\SpaceShooterSFML\SpaceShooterSFML.cpp(8,10): warning C4067: jetons inattendus après la directive du préprocesseur - saut de ligne attendu
  speed.cpp
E:\COURS C++\Shooter\SpaceShooterSFML\TST-Git\SpaceShooterSFML\speed.cpp(61,17): warning C4244: '=' : conversion de 'double' en 'float', perte possible de données
  UI.cpp
E:\COURS C++\Shooter\SpaceShooterSFML\TST-Git\SpaceShooterSFML\UI.cpp(8,35): warning C4244: 'argument' : conversion de 'int' en 'T', perte possible de données
          with
          [
              T=float
          ]
E:\COURS C++\Shooter\SpaceShooterSFML\TST-Git\SpaceShooterSFML\UI.cpp(8,29): warning C4244: 'argument' : conversion de 'int' en 'T', perte possible de données
          with
          [
              T=float
          ]
E:\COURS C++\Shooter\SpaceShooterSFML\TST-Git\SpaceShooterSFML\UI.cpp(9,36): warning C4244: 'argument' : conversion de 'int' en 'T', perte possible de données
          with
          [
              T=float
          ]
E:\COURS C++\Shooter\SpaceShooterSFML\TST-Git\SpaceShooterSFML\UI.cpp(9,29): warning C4244: 'argument' : conversion de 'int' en 'T', perte possible de données
          with
          [
              T=float
          ]
E:\COURS C++\Shooter\SpaceShooterSFML\TST-Git\SpaceShooterSFML\UI.cpp(10,36): warning C4244: 'argument' : conversion de 'int' en 'T', perte possible de données
          with
          [
              T=float
          ]
E:\COURS C++\Shooter\SpaceShooterSFML\TST-Git\SpaceShooterSFML\UI.cpp(10,29): warning C4244: 'argument' : conversion de 'int' en 'T', perte possible de données
          with
          [
              T=float
          ]
E:\COURS C++\Shooter\SpaceShooterSFML\TST-Git\SpaceShooterSFML\UI.cpp(11,35): warning C4244: 'argument' : conversion de 'int' en 'T', perte possible de données
          with
          [
              T=float
          ]
E:\COURS C++\Shooter\SpaceShooterSFML\TST-Git\SpaceShooterSFML\UI.cpp(11,29): warning C4244: 'argument' : conversion de 'int' en 'T', perte possible de données
          with
          [
              T=float
          ]
  Génération de code en cours...
