  Enemy.cpp
E:\COURS C++\Shooter\SpaceShooterSFML\TST-Git\SpaceShooterSFML\Enemy.cpp(15,12): warning C4244: 'return' : conversion de 'double' en 'float', perte possible de données
  game.cpp
  math.cpp
  ParticleSystem.cpp
E:\COURS C++\Shooter\SpaceShooterSFML\TST-Git\SpaceShooterSFML\ParticleSystem.cpp(7,28): warning C4305: 'initialisation' : troncation de 'double' à 'float'
  Score.cpp
  SpaceShooterSFML.cpp
E:\COURS C++\Shooter\SpaceShooterSFML\TST-Git\SpaceShooterSFML\SpaceShooterSFML.cpp(5,10): warning C4067: jetons inattendus après la directive du préprocesseur - saut de ligne attendu
E:\COURS C++\Shooter\SpaceShooterSFML\TST-Git\SpaceShooterSFML\SpaceShooterSFML.cpp(6,10): warning C4067: jetons inattendus après la directive du préprocesseur - saut de ligne attendu
E:\COURS C++\Shooter\SpaceShooterSFML\TST-Git\SpaceShooterSFML\SpaceShooterSFML.cpp(7,10): warning C4067: jetons inattendus après la directive du préprocesseur - saut de ligne attendu
E:\COURS C++\Shooter\SpaceShooterSFML\TST-Git\SpaceShooterSFML\SpaceShooterSFML.cpp(8,10): warning C4067: jetons inattendus après la directive du préprocesseur - saut de ligne attendu
E:\COURS C++\Shooter\SpaceShooterSFML\TST-Git\SpaceShooterSFML\SpaceShooterSFML.cpp(9,10): warning C4067: jetons inattendus après la directive du préprocesseur - saut de ligne attendu
E:\COURS C++\Shooter\SpaceShooterSFML\TST-Git\SpaceShooterSFML\SpaceShooterSFML.cpp(64,22): warning C4551: liste d'arguments manquante dans l'appel de fonction
  speed.cpp
E:\COURS C++\Shooter\SpaceShooterSFML\TST-Git\SpaceShooterSFML\speed.cpp(112,17): warning C4244: '=' : conversion de 'double' en 'float', perte possible de données
  UI.cpp
E:\COURS C++\Shooter\SpaceShooterSFML\TST-Git\SpaceShooterSFML\UI.cpp(90,115): warning C4244: 'argument' : conversion de 'T' en 'T', perte possible de données
          with
          [
              T=int
          ]
          and
          [
              T=float
          ]
E:\COURS C++\Shooter\SpaceShooterSFML\TST-Git\SpaceShooterSFML\UI.cpp(90,85): warning C4244: 'argument' : conversion de 'T' en 'T', perte possible de données
          with
          [
              T=int
          ]
          and
          [
              T=float
          ]
E:\COURS C++\Shooter\SpaceShooterSFML\TST-Git\SpaceShooterSFML\UI.cpp(88,8): warning C4101: 'mouse' : variable locale non référencée
  Génération de code en cours
  493 of 493 functions (100.0%) were compiled.
    489 functions were new in current compilation
    0 functions had inline decision re-evaluated but remain unchanged
  Fin de la génération du code
  SpaceShooterSFML.vcxproj -> E:\COURS C++\Shooter\SpaceShooterSFML\TST-Git\x64\Release\SpaceShooterSFML.exe
